<?xml version="1.0" encoding="UTF-8"?>
<!-- Generated by org.testng.reporters.JUnitReportReporter -->
<testsuite skipped="0" hostname="DK01SV1105" name="POC.POC.NewTest" tests="3" failures="0" timestamp="03 Sep 2018 08:20:24 GMT" time="8.646" errors="0">
  <testcase name="f2" time="3.382" classname="POC.POC.NewTest"/>
  <testcase name="f" time="2.897" classname="POC.POC.NewTest"/>
  <testcase name="f1" time="2.367" classname="POC.POC.NewTest"/>
</testsuite> <!-- POC.POC.NewTest -->
