<?xml version="1.0" encoding="UTF-8"?>
<!-- Generated by org.testng.reporters.JUnitReportReporter -->
<testsuite skipped="0" hostname="DK01SV1105" name="POC.POC.NewTest" tests="1" failures="0" timestamp="31 Aug 2018 15:18:47 GMT" time="4.753" errors="0">
  <testcase name="f" time="4.753" classname="POC.POC.NewTest"/>
</testsuite> <!-- POC.POC.NewTest -->
